[mannatthemes.com/dastone/default/index.html]
[backblue.gif]
[fade.gif]
[index.html]
[mannatthemes.com/dastone/default/assets/images/favicon.ico]
[mannatthemes.com/dastone/plugins/jvectormap/jquery-jvectormap-2.0.2.css]
[mannatthemes.com/dastone/default/assets/css/bootstrap.min.css]
[mannatthemes.com/dastone/default/assets/css/icons.min.css]
[mannatthemes.com/dastone/default/assets/css/metisMenu.min.css]
[mannatthemes.com/dastone/plugins/daterangepicker/daterangepicker.css]
[mannatthemes.com/dastone/default/assets/css/app.min.css]
[mannatthemes.com/dastone/default/index-2.html]
[mannatthemes.com/dastone/default/assets/images/logo-sm.png]
[mannatthemes.com/dastone/default/assets/images/logo.png]
[mannatthemes.com/dastone/default/assets/images/logo-dark.png]
[mannatthemes.com/dastone/default/sales-index.html]
[mannatthemes.com/dastone/default/apps-email-inbox.html]
[mannatthemes.com/dastone/default/apps-email-read.html]
[mannatthemes.com/dastone/default/apps-chat.html]
[mannatthemes.com/dastone/default/apps-contact-list.html]
[mannatthemes.com/dastone/default/apps-calendar.html]
[mannatthemes.com/dastone/default/apps-files.html]
[mannatthemes.com/dastone/default/apps-invoice.html]
[mannatthemes.com/dastone/default/apps-tasks.html]
[mannatthemes.com/dastone/default/apps-project-overview.html]
[mannatthemes.com/dastone/default/apps-project-board.html]
[mannatthemes.com/dastone/default/apps-project-projects.html]
[mannatthemes.com/dastone/default/apps-project-teams.html]
[mannatthemes.com/dastone/default/apps-project-files.html]
[mannatthemes.com/dastone/default/apps-new-project.html]
[mannatthemes.com/dastone/default/apps-ecommerce-products.html]
[mannatthemes.com/dastone/default/apps-ecommerce-product-list.html]
[mannatthemes.com/dastone/default/apps-ecommerce-product-detail.html]
[mannatthemes.com/dastone/default/apps-ecommerce-cart.html]
[mannatthemes.com/dastone/default/apps-ecommerce-checkout.html]
[mannatthemes.com/dastone/default/auth-login.html]
[mannatthemes.com/dastone/default/auth-register.html]
[mannatthemes.com/dastone/default/auth-recover-pw.html]
[mannatthemes.com/dastone/default/auth-lock-screen.html]
[mannatthemes.com/dastone/default/auth-404.html]
[mannatthemes.com/dastone/default/auth-500.html]
[mannatthemes.com/dastone/default/ui-alerts.html]
[mannatthemes.com/dastone/default/ui-avatar.html]
[mannatthemes.com/dastone/default/ui-buttons.html]
[mannatthemes.com/dastone/default/ui-badges.html]
[mannatthemes.com/dastone/default/ui-cards.html]
[mannatthemes.com/dastone/default/ui-carousels.html]
[mannatthemes.com/dastone/default/ui-check-radio.html]
[mannatthemes.com/dastone/default/ui-dropdowns.html]
[mannatthemes.com/dastone/default/ui-grids.html]
[mannatthemes.com/dastone/default/ui-images.html]
[mannatthemes.com/dastone/default/ui-list.html]
[mannatthemes.com/dastone/default/ui-modals.html]
[mannatthemes.com/dastone/default/ui-navs.html]
[mannatthemes.com/dastone/default/ui-navbar.html]
[mannatthemes.com/dastone/default/ui-offcanvas.html]
[mannatthemes.com/dastone/default/ui-paginations.html]
[mannatthemes.com/dastone/default/ui-popover-tooltips.html]
[mannatthemes.com/dastone/default/ui-progress.html]
[mannatthemes.com/dastone/default/ui-spinners.html]
[mannatthemes.com/dastone/default/ui-tabs-accordions.html]
[mannatthemes.com/dastone/default/ui-typography.html]
[mannatthemes.com/dastone/default/ui-toasts.html]
[mannatthemes.com/dastone/default/ui-videos.html]
[mannatthemes.com/dastone/default/advanced-animation.html]
[mannatthemes.com/dastone/default/advanced-clipboard.html]
[mannatthemes.com/dastone/default/advanced-highlight.html]
[mannatthemes.com/dastone/default/advanced-idle-timer.html]
[mannatthemes.com/dastone/default/advanced-kanban.html]
[mannatthemes.com/dastone/default/advanced-lightbox.html]
[mannatthemes.com/dastone/default/advanced-nestable.html]
[mannatthemes.com/dastone/default/advanced-rangeslider.html]
[mannatthemes.com/dastone/default/advanced-ratings.html]
[mannatthemes.com/dastone/default/advanced-ribbons.html]
[mannatthemes.com/dastone/default/advanced-session.html]
[mannatthemes.com/dastone/default/advanced-sweetalerts.html]
[mannatthemes.com/dastone/default/forms-advanced.html]
[mannatthemes.com/dastone/default/forms-elements.html]
[mannatthemes.com/dastone/default/forms-editors.html]
[mannatthemes.com/dastone/default/forms-uploads.html]
[mannatthemes.com/dastone/default/forms-repeater.html]
[mannatthemes.com/dastone/default/forms-validation.html]
[mannatthemes.com/dastone/default/forms-wizard.html]
[mannatthemes.com/dastone/default/forms-x-editable.html]
[mannatthemes.com/dastone/default/charts-apex.html]
[mannatthemes.com/dastone/default/charts-chartjs.html]
[mannatthemes.com/dastone/default/charts-flot.html]
[mannatthemes.com/dastone/default/charts-morris.html]
[mannatthemes.com/dastone/default/tables-basic.html]
[mannatthemes.com/dastone/default/tables-datatable.html]
[mannatthemes.com/dastone/default/tables-editable.html]
[mannatthemes.com/dastone/default/tables-responsive.html]
[mannatthemes.com/dastone/default/icons-dripicons.html]
[mannatthemes.com/dastone/default/icons-feather.html]
[mannatthemes.com/dastone/default/icons-fontawesome.html]
[mannatthemes.com/dastone/default/icons-materialdesign.html]
[mannatthemes.com/dastone/default/icons-themify.html]
[mannatthemes.com/dastone/default/maps-google.html]
[mannatthemes.com/dastone/default/maps-leaflet.html]
[mannatthemes.com/dastone/default/maps-vector.html]
[mannatthemes.com/dastone/default/email-templates-alert.html]
[mannatthemes.com/dastone/default/email-templates-basic.html]
[mannatthemes.com/dastone/default/email-templates-billing.html]
[mannatthemes.com/dastone/default/widgets.html]
[mannatthemes.com/dastone/default/icons-typicons.html]
[mannatthemes.com/dastone/default/pages-blogs.html]
[mannatthemes.com/dastone/default/pages-faqs.html]
[mannatthemes.com/dastone/default/pages-pricing.html]
[mannatthemes.com/dastone/default/pages-profile.html]
[mannatthemes.com/dastone/default/pages-starter.html]
[mannatthemes.com/dastone/default/pages-timeline.html]
[mannatthemes.com/dastone/default/pages-treeview.html]
[mannatthemes.com/dastone/default/assets/images/users/user-4.jpg]
[mannatthemes.com/dastone/default/assets/images/users/user-5.jpg]
[mannatthemes.com/dastone/default/assets/images/browser_logo/chrome.png]
[mannatthemes.com/dastone/default/assets/images/browser_logo/micro-edge.png]
[mannatthemes.com/dastone/default/assets/images/browser_logo/in-explorer.png]
[mannatthemes.com/dastone/default/assets/images/browser_logo/opera.png]
[mannatthemes.com/dastone/default/assets/js/jquery.min.js]
[mannatthemes.com/dastone/default/assets/js/bootstrap.bundle.min.js]
[mannatthemes.com/dastone/default/assets/js/metismenu.min.js]
[mannatthemes.com/dastone/default/assets/js/waves.js]
[mannatthemes.com/dastone/default/assets/js/feather.min.js]
[mannatthemes.com/dastone/default/assets/js/simplebar.min.js]
[mannatthemes.com/dastone/default/assets/js/moment.js]
[mannatthemes.com/dastone/plugins/daterangepicker/daterangepicker.js]
[mannatthemes.com/dastone/plugins/apex-charts/apexcharts.min.js]
[mannatthemes.com/dastone/plugins/jvectormap/jquery-jvectormap-2.0.2.min.js]
[mannatthemes.com/dastone/plugins/jvectormap/jquery-jvectormap-us-aea-en.js]
[mannatthemes.com/dastone/default/assets/pages/jquery.analytics_dashboard.init.js]
[mannatthemes.com/dastone/default/assets/js/app.js]
[mannatthemes.com/dastone/default/index.html]
[mannatthemes.com/dastone/plugins/jvectormap/jquery-jvectormap-2.0.2.css]
[mannatthemes.com/dastone/default/assets/css/bootstrap.min.css]
[mannatthemes.com/dastone/default/assets/fonts/fa-brands-400.eot]
[mannatthemes.com/dastone/default/assets/fonts/fa-brands-400d41d.eot]
[mannatthemes.com/dastone/default/assets/fonts/fa-brands-400.woff2]
[mannatthemes.com/dastone/default/assets/fonts/fa-brands-400.woff]
[mannatthemes.com/dastone/default/assets/fonts/fa-brands-400.ttf]
[mannatthemes.com/dastone/default/assets/fonts/fa-regular-400.eot]
[mannatthemes.com/dastone/default/assets/fonts/fa-regular-400d41d.eot]
[mannatthemes.com/dastone/default/assets/fonts/fa-regular-400.woff2]
[mannatthemes.com/dastone/default/assets/fonts/fa-regular-400.woff]
[mannatthemes.com/dastone/default/assets/fonts/fa-regular-400.ttf]
[mannatthemes.com/dastone/default/assets/fonts/fa-solid-900.eot]
[mannatthemes.com/dastone/default/assets/fonts/fa-solid-900d41d.eot]
[mannatthemes.com/dastone/default/assets/fonts/fa-solid-900.woff2]
[mannatthemes.com/dastone/default/assets/fonts/fa-solid-900.woff]
[mannatthemes.com/dastone/default/assets/fonts/fa-solid-900.ttf]
[mannatthemes.com/dastone/default/assets/fonts/la-brands-400.eot]
[mannatthemes.com/dastone/default/assets/fonts/la-brands-400d41d.eot]
[mannatthemes.com/dastone/default/assets/fonts/la-brands-400.woff2]
[mannatthemes.com/dastone/default/assets/fonts/la-brands-400.woff]
[mannatthemes.com/dastone/default/assets/fonts/la-brands-400.ttf]
[mannatthemes.com/dastone/default/assets/fonts/la-regular-400.eot]
[mannatthemes.com/dastone/default/assets/fonts/la-regular-400d41d.eot]
[mannatthemes.com/dastone/default/assets/fonts/la-regular-400.woff2]
[mannatthemes.com/dastone/default/assets/fonts/la-regular-400.woff]
[mannatthemes.com/dastone/default/assets/fonts/la-regular-400.ttf]
[mannatthemes.com/dastone/default/assets/fonts/la-solid-900.eot]
[mannatthemes.com/dastone/default/assets/fonts/la-solid-900d41d.eot]
[mannatthemes.com/dastone/default/assets/fonts/la-solid-900.woff2]
[mannatthemes.com/dastone/default/assets/fonts/la-solid-900.woff]
[mannatthemes.com/dastone/default/assets/fonts/la-solid-900.ttf]
[mannatthemes.com/dastone/default/assets/fonts/materialdesignicons-webfonta5da.eot]
[mannatthemes.com/dastone/default/assets/fonts/materialdesignicons-webfontd41d.eot]
[mannatthemes.com/dastone/default/assets/fonts/materialdesignicons-webfonta5da.woff2]
[mannatthemes.com/dastone/default/assets/fonts/materialdesignicons-webfonta5da.woff]
[mannatthemes.com/dastone/default/assets/fonts/materialdesignicons-webfonta5da.ttf]
[mannatthemes.com/dastone/default/assets/fonts/dripicons-v2.eot]
[mannatthemes.com/dastone/default/assets/fonts/dripicons-v2d41d.eot]
[mannatthemes.com/dastone/default/assets/fonts/dripicons-v2.woff]
[mannatthemes.com/dastone/default/assets/fonts/dripicons-v2.ttf]
[mannatthemes.com/dastone/default/assets/fonts/feather144f.ttf]
[mannatthemes.com/dastone/default/assets/fonts/feather144f.woff]
[mannatthemes.com/dastone/default/assets/fonts/themify9f24.eot]
[mannatthemes.com/dastone/default/assets/fonts/themifyd41d.eot]
[mannatthemes.com/dastone/default/assets/fonts/themify9f24.woff]
[mannatthemes.com/dastone/default/assets/fonts/themify9f24.ttf]
[mannatthemes.com/dastone/default/assets/fonts/typicons.eot]
[mannatthemes.com/dastone/default/assets/fonts/typiconsd41d.eot]
[mannatthemes.com/dastone/default/assets/fonts/typicons.woff]
[mannatthemes.com/dastone/default/assets/fonts/typicons.ttf]
[mannatthemes.com/dastone/default/assets/css/icons.min.css]
[mannatthemes.com/dastone/default/assets/css/metisMenu.min.css]
[mannatthemes.com/dastone/plugins/daterangepicker/daterangepicker.css]
[mannatthemes.com/dastone/default/assets/images/open.png]
[mannatthemes.com/dastone/default/assets/images/close.png]
[mannatthemes.com/dastone/default/assets/images/pattern-sm.png]
[mannatthemes.com/dastone/default/assets/fonts/inter-light46a7.woff2]
[mannatthemes.com/dastone/default/assets/fonts/inter-light46a7.woff]
[mannatthemes.com/dastone/default/assets/fonts/inter-regular46a7.woff2]
[mannatthemes.com/dastone/default/assets/fonts/inter-regular46a7.woff]
[mannatthemes.com/dastone/default/assets/fonts/inter-medium46a7.woff2]
[mannatthemes.com/dastone/default/assets/fonts/inter-medium46a7.woff]
[mannatthemes.com/dastone/default/assets/fonts/inter-bold46a7.woff2]
[mannatthemes.com/dastone/default/assets/images/products/bg-cart.png]
[mannatthemes.com/dastone/default/assets/images/auth-bg.png]
[mannatthemes.com/dastone/default/assets/css/app.min.css]
[mannatthemes.com/dastone/default/index-2.html]
[mannatthemes.com/dastone/default/assets/images/money-beg.png]
[mannatthemes.com/dastone/default/assets/images/products/01.png]
[mannatthemes.com/dastone/default/assets/images/products/02.png]
[mannatthemes.com/dastone/default/assets/images/products/04.png]
[mannatthemes.com/dastone/default/assets/images/products/img-5.png]
[mannatthemes.com/dastone/default/assets/pages/jquery.sales_dashboard.init.js]
[mannatthemes.com/dastone/default/sales-index.html]
[mannatthemes.com/dastone/plugins/summernote/summernote-bs4.min.css]
[mannatthemes.com/dastone/default/assets/images/users/user-1.jpg]
[mannatthemes.com/dastone/default/assets/images/users/user-2.jpg]
[mannatthemes.com/dastone/default/assets/images/users/user-3.jpg]
[mannatthemes.com/dastone/default/apps-email-inbox.html]
[mannatthemes.com/dastone/plugins/summernote/summernote-bs4.min.js]
[mannatthemes.com/dastone/default/assets/images/small/sm-1.jpg]
[mannatthemes.com/dastone/default/assets/images/small/sm-3.jpg]
[mannatthemes.com/dastone/default/apps-email-read.html]
[mannatthemes.com/dastone/default/assets/images/users/user-8.jpg]
[mannatthemes.com/dastone/default/assets/images/users/user-6.jpg]
[mannatthemes.com/dastone/default/assets/images/users/user-7.jpg]
[mannatthemes.com/dastone/default/apps-chat.html]
[mannatthemes.com/dastone/default/apps-contact-list.html]
[mannatthemes.com/dastone/plugins/fullcalendar/packages/core/main.css]
[mannatthemes.com/dastone/plugins/fullcalendar/packages/daygrid/main.css]
[mannatthemes.com/dastone/plugins/fullcalendar/packages/bootstrap/main.css]
[mannatthemes.com/dastone/plugins/fullcalendar/packages/timegrid/main.css]
[mannatthemes.com/dastone/plugins/fullcalendar/packages/list/main.css]
[mannatthemes.com/dastone/plugins/lightpick/lightpick.css]
[mannatthemes.com/dastone/default/assets/images/widgets/project1.jpg]
[mannatthemes.com/dastone/default/assets/images/widgets/project3.jpg]
[mannatthemes.com/dastone/default/assets/images/widgets/project4.jpg]
[mannatthemes.com/dastone/plugins/fullcalendar/packages/core/main.js]
[mannatthemes.com/dastone/plugins/fullcalendar/packages/daygrid/main.js]
[mannatthemes.com/dastone/plugins/fullcalendar/packages/timegrid/main.js]
[mannatthemes.com/dastone/plugins/fullcalendar/packages/interaction/main.js]
[mannatthemes.com/dastone/plugins/fullcalendar/packages/list/main.js]
[mannatthemes.com/dastone/plugins/lightpick/lightpick.js]
[mannatthemes.com/dastone/default/assets/pages/jquery.calendar.js]
[mannatthemes.com/dastone/default/apps-calendar.html]
[mannatthemes.com/dastone/default/apps-files.html]
[mannatthemes.com/dastone/default/assets/images/signature.png]
[mannatthemes.com/dastone/default/apps-invoice.html]
[mannatthemes.com/dastone/default/assets/images/users/user-10.jpg]
[mannatthemes.com/dastone/default/assets/images/users/user-9.jpg]
[mannatthemes.com/dastone/default/assets/pages/jquery.task.init.js]
[mannatthemes.com/dastone/default/apps-tasks.html]
[mannatthemes.com/dastone/default/assets/images/widgets/project2.jpg]
[mannatthemes.com/dastone/default/assets/pages/jquery.projects_overview.init.js]
[mannatthemes.com/dastone/default/apps-project-overview.html]
[mannatthemes.com/dastone/default/apps-project-projects.html]
[mannatthemes.com/dastone/plugins/dragula/dragula.min.css]
[mannatthemes.com/dastone/plugins/dragula/dragula.min.js]
[mannatthemes.com/dastone/default/assets/pages/jquery.dragula.init.js]
[mannatthemes.com/dastone/default/apps-project-board.html]
[mannatthemes.com/dastone/default/apps-project-teams.html]
[mannatthemes.com/dastone/default/apps-project-files.html]
[mannatthemes.com/dastone/default/assets/pages/jquery.projects_new.init.js]
[mannatthemes.com/dastone/default/apps-new-project.html]
[mannatthemes.com/dastone/default/assets/images/products/img-2.png]
[mannatthemes.com/dastone/default/assets/images/products/img-3.png]
[mannatthemes.com/dastone/default/assets/images/products/img-4.png]
[mannatthemes.com/dastone/default/assets/images/products/img-6.png]
[mannatthemes.com/dastone/default/assets/images/products/img-1.png]
[mannatthemes.com/dastone/default/assets/images/products/img-7.png]
[mannatthemes.com/dastone/default/assets/images/products/img-8.png]
[mannatthemes.com/dastone/default/apps-ecommerce-products.html]
[mannatthemes.com/dastone/plugins/datatables/dataTables.bootstrap5.min.css]
[mannatthemes.com/dastone/plugins/datatables/buttons.bootstrap5.min.css]
[mannatthemes.com/dastone/default/assets/images/products/03.png]
[mannatthemes.com/dastone/default/assets/images/products/06.png]
[mannatthemes.com/dastone/default/assets/images/products/05.png]
[mannatthemes.com/dastone/plugins/datatables/jquery.dataTables.min.js]
[mannatthemes.com/dastone/default/apps-ecommerce-product-list.html]
[mannatthemes.com/dastone/plugins/datatables/dataTables.bootstrap5.min.js]
[mannatthemes.com/dastone/default/apps-ecommerce-product-detail.html]
[mannatthemes.com/dastone/default/apps-ecommerce-cart.html]
[mannatthemes.com/dastone/default/assets/images/cards/card-2.png]
[mannatthemes.com/dastone/default/assets/images/cards/card-5.png]
[mannatthemes.com/dastone/default/assets/js/jquery.core.js]
[mannatthemes.com/dastone/default/apps-ecommerce-checkout.html]
[mannatthemes.com/dastone/default/assets/images/logo-sm-dark.png]
[mannatthemes.com/dastone/default/auth-login.html]
[mannatthemes.com/dastone/default/auth-register.html]
[mannatthemes.com/dastone/default/auth-recover-pw.html]
[mannatthemes.com/dastone/default/auth-lock-screen.html]
[mannatthemes.com/dastone/default/auth-404.html]
[mannatthemes.com/dastone/default/auth-500.html]
[mannatthemes.com/dastone/default/ui-alerts.html]
[mannatthemes.com/dastone/default/ui-avatar.html]
[mannatthemes.com/dastone/default/ui-buttons.html]
[mannatthemes.com/dastone/default/ui-badges.html]
[mannatthemes.com/dastone/default/assets/images/small/img-2.jpg]
[mannatthemes.com/dastone/default/assets/images/widgets/btc.png]
[mannatthemes.com/dastone/default/assets/images/small/ex-card.png]
[mannatthemes.com/dastone/default/ui-cards.html]
[mannatthemes.com/dastone/default/assets/images/small/img-1.jpg]
[mannatthemes.com/dastone/default/assets/images/small/img-3.jpg]
[mannatthemes.com/dastone/default/assets/images/small/img-4.jpg]
[mannatthemes.com/dastone/default/assets/images/small/img-5.jpg]
[mannatthemes.com/dastone/default/assets/images/small/img-6.jpg]
[mannatthemes.com/dastone/default/ui-carousels.html]
[mannatthemes.com/dastone/default/ui-check-radio.html]
[mannatthemes.com/dastone/default/ui-dropdowns.html]
[mannatthemes.com/dastone/default/ui-grids.html]
[mannatthemes.com/dastone/default/assets/images/widgets/1.jpg]
[mannatthemes.com/dastone/default/ui-images.html]
[mannatthemes.com/dastone/default/ui-list.html]
[mannatthemes.com/dastone/default/assets/images/widgets/flame-5.png]
[mannatthemes.com/dastone/default/ui-modals.html]
[mannatthemes.com/dastone/default/ui-navs.html]
[mannatthemes.com/dastone/default/ui-navbar.html]
[mannatthemes.com/dastone/default/ui-offcanvas.html]
[mannatthemes.com/dastone/default/ui-paginations.html]
[mannatthemes.com/dastone/default/ui-popover-tooltips.html]
[mannatthemes.com/dastone/default/ui-progress.html]
[mannatthemes.com/dastone/default/ui-spinners.html]
[mannatthemes.com/dastone/default/ui-tabs-accordions.html]
[mannatthemes.com/dastone/default/ui-toasts.html]
[mannatthemes.com/dastone/default/ui-typography.html]
[mannatthemes.com/dastone/default/ui-videos.html]
[mannatthemes.com/dastone/plugins/tippy/tippy.all.min.js]
[mannatthemes.com/dastone/plugins/animate/animate.css]
[mannatthemes.com/dastone/default/assets/pages/jquery.animate.init.js]
[mannatthemes.com/dastone/default/advanced-animation.html]
[mannatthemes.com/dastone/plugins/clipboard/clipboard.min.js]
[mannatthemes.com/dastone/default/assets/pages/jquery.clipboard.init.js]
[mannatthemes.com/dastone/default/advanced-clipboard.html]
[mannatthemes.com/dastone/plugins/prettify/prettify.css]
[mannatthemes.com/dastone/default/advanced-highlight.html]
[mannatthemes.com/dastone/plugins/prettify/run_prettify.js]
[mannatthemes.com/dastone/plugins/idle-timer/idle-timer.min.js]
[mannatthemes.com/dastone/default/assets/pages/jquery.idle-timer.init.js]
[mannatthemes.com/dastone/default/advanced-idle-timer.html]
[mannatthemes.com/dastone/default/advanced-kanban.html]
[mannatthemes.com/dastone/plugins/lightbox/magnific-popup.css]
[mannatthemes.com/dastone/plugins/lightbox/jquery.magnific-popup.js]
[mannatthemes.com/dastone/default/assets/pages/jquery.lightbox.init.js]
[mannatthemes.com/dastone/default/advanced-lightbox.html]
[mannatthemes.com/dastone/plugins/nestable/jquery.nestable.min.css]
[mannatthemes.com/dastone/plugins/nestable/jquery.nestable.min.js]
[mannatthemes.com/dastone/default/assets/pages/jquery.nastable.init.js]
[mannatthemes.com/dastone/default/advanced-nestable.html]
[mannatthemes.com/dastone/plugins/ion-rangeslider/ion.rangeSlider.css]
[mannatthemes.com/dastone/plugins/ion-rangeslider/ion.rangeSlider.min.js]
[mannatthemes.com/dastone/default/assets/pages/jquery.rangeslider.init.js]
[mannatthemes.com/dastone/default/advanced-rangeslider.html]
[mannatthemes.com/dastone/plugins/rating/themes/rating.css]
[mannatthemes.com/dastone/plugins/rating/jquery.barrating.min.js]
[mannatthemes.com/dastone/default/assets/pages/jquery.rating.init.js]
[mannatthemes.com/dastone/default/advanced-ratings.html]
[mannatthemes.com/dastone/default/assets/images/dashboards/dastyle.jpg]
[mannatthemes.com/dastone/default/assets/images/dashboards/metrica.jpg]
[mannatthemes.com/dastone/default/assets/images/dashboards/crovex.jpg]
[mannatthemes.com/dastone/default/assets/images/dashboards/frogetor.jpg]
[mannatthemes.com/dastone/default/advanced-ribbons.html]
[mannatthemes.com/dastone/plugins/bootstrap-session-timeout/bootstrap-session-timeout.min.js]
[mannatthemes.com/dastone/default/assets/pages/jquery.timeout.init.js]
[mannatthemes.com/dastone/default/advanced-session.html]
[mannatthemes.com/dastone/plugins/sweet-alert2/sweetalert2.min.css]
[mannatthemes.com/dastone/plugins/sweet-alert2/sweetalert2.min.js]
[mannatthemes.com/dastone/default/advanced-sweetalerts.html]
[mannatthemes.com/dastone/default/assets/pages/jquery.sweet-alert.init.js]
[mannatthemes.com/dastone/plugins/select2/select2.min.css]
[mannatthemes.com/dastone/plugins/huebee/huebee.min.css]
[mannatthemes.com/dastone/plugins/timepicker/bootstrap-material-datetimepicker.css]
[mannatthemes.com/dastone/plugins/bootstrap-touchspin/css/jquery.bootstrap-touchspin.min.css]
[mannatthemes.com/dastone/plugins/select2/select2.min.js]
[mannatthemes.com/dastone/plugins/huebee/huebee.pkgd.min.js]
[mannatthemes.com/dastone/plugins/timepicker/bootstrap-material-datetimepicker.js]
[mannatthemes.com/dastone/plugins/bootstrap-maxlength/bootstrap-maxlength.min.js]
[mannatthemes.com/dastone/plugins/bootstrap-touchspin/js/jquery.bootstrap-touchspin.min.js]
[mannatthemes.com/dastone/default/assets/pages/jquery.forms-advanced.js]
[mannatthemes.com/dastone/default/forms-advanced.html]
[mannatthemes.com/dastone/default/forms-elements.html]
[mannatthemes.com/dastone/default/assets/pages/jquery.form-editor.init.js]
[mannatthemes.com/dastone/default/forms-editors.html]
[mannatthemes.com/dastone/plugins/dropify/css/dropify.min.css]
[mannatthemes.com/dastone/plugins/tinymce/tinymce.min.js]
[mannatthemes.com/dastone/plugins/dropify/images/1.jpg]
[mannatthemes.com/dastone/plugins/dropify/images/2.jpg]
[mannatthemes.com/dastone/plugins/dropify/js/dropify.min.js]
[mannatthemes.com/dastone/default/assets/pages/jquery.form-upload.init.js]
[mannatthemes.com/dastone/default/forms-uploads.html]
[mannatthemes.com/dastone/plugins/repeater/jquery.repeater.min.js]
[mannatthemes.com/dastone/default/assets/pages/jquery.form-repeater.js]
[mannatthemes.com/dastone/default/forms-repeater.html]
[mannatthemes.com/dastone/plugins/parsleyjs/parsley.min.js]
[mannatthemes.com/dastone/default/assets/pages/jquery.validation.init.js]
[mannatthemes.com/dastone/default/forms-validation.html]
[mannatthemes.com/dastone/plugins/jquery-steps/jquery.steps.css]
[mannatthemes.com/dastone/plugins/jquery-steps/jquery.steps.min.js]
[mannatthemes.com/dastone/default/assets/pages/jquery.form-wizard.init.js]
[mannatthemes.com/dastone/default/forms-wizard.html]
[mannatthemes.com/dastone/plugins/x-editable/css/bootstrap-editable.css]
[mannatthemes.com/dastone/plugins/x-editable/js/bootstrap-editable.min.js]
[mannatthemes.com/dastone/default/assets/pages/jquery.form-xeditable.init.js]
[mannatthemes.com/dastone/default/forms-x-editable.html]
[mannatthemes.com/dastone/plugins/apex-charts/irregular-data-series.js]
[mannatthemes.com/dastone/plugins/apex-charts/ohlc.js]
[mannatthemes.com/dastone/default/charts-apex.html]
[mannatthemes.com/dastone/default/assets/pages/jquery.apexcharts.init.js]
[mannatthemes.com/dastone/plugins/chartjs/chart.min.js]
[mannatthemes.com/dastone/default/assets/pages/jquery.chartjs.init.js]
[mannatthemes.com/dastone/default/charts-chartjs.html]
[mannatthemes.com/dastone/plugins/flot-chart/jquery.canvaswrapper.js]
[mannatthemes.com/dastone/plugins/flot-chart/jquery.colorhelpers.js]
[mannatthemes.com/dastone/plugins/flot-chart/jquery.flot.js]
[mannatthemes.com/dastone/plugins/flot-chart/jquery.flot.saturated.js]
[mannatthemes.com/dastone/plugins/flot-chart/jquery.flot.browser.js]
[mannatthemes.com/dastone/plugins/flot-chart/jquery.flot.drawSeries.js]
[mannatthemes.com/dastone/plugins/flot-chart/jquery.flot.uiConstants.js]
[mannatthemes.com/dastone/plugins/flot-chart/jquery.flot.stack.js]
[mannatthemes.com/dastone/plugins/flot-chart/jquery.flot.legend.js]
[mannatthemes.com/dastone/plugins/flot-chart/jquery.flot.pie.js]
[mannatthemes.com/dastone/plugins/flot-chart/jquery.flot.axislabels.js]
[mannatthemes.com/dastone/plugins/flot-chart/jquery.flot.tooltip.min.js]
[mannatthemes.com/dastone/default/charts-flot.html]
[mannatthemes.com/dastone/default/assets/pages/jquery.flot.init.js]
[mannatthemes.com/dastone/plugins/morris/morris.css]
[mannatthemes.com/dastone/plugins/morris/morris.min.js]
[mannatthemes.com/dastone/plugins/raphael/raphael.min.js]
[mannatthemes.com/dastone/default/assets/pages/jquery.morris.init.js]
[mannatthemes.com/dastone/default/charts-morris.html]
[mannatthemes.com/dastone/default/tables-basic.html]
[mannatthemes.com/dastone/plugins/datatables/responsive.bootstrap4.min.css]
[mannatthemes.com/dastone/plugins/datatables/dataTables.buttons.min.js]
[mannatthemes.com/dastone/plugins/datatables/buttons.bootstrap5.min.js]
[mannatthemes.com/dastone/plugins/datatables/jszip.min.js]
[mannatthemes.com/dastone/plugins/datatables/vfs_fonts.js]
[mannatthemes.com/dastone/plugins/datatables/buttons.html5.min.js]
[mannatthemes.com/dastone/plugins/datatables/pdfmake.min.js]
[mannatthemes.com/dastone/plugins/datatables/buttons.print.min.js]
[mannatthemes.com/dastone/plugins/datatables/buttons.colVis.min.js]
[mannatthemes.com/dastone/plugins/datatables/dataTables.responsive.min.js]
[mannatthemes.com/dastone/plugins/datatables/responsive.bootstrap4.min.js]
[mannatthemes.com/dastone/default/assets/pages/jquery.datatable.init.js]
[mannatthemes.com/dastone/default/tables-datatable.html]
[mannatthemes.com/dastone/plugins/tiny-editable/mindmup-editabletable.js]
[mannatthemes.com/dastone/plugins/tiny-editable/numeric-input-example.js]
[mannatthemes.com/dastone/plugins/bootable/bootstable.js]
[mannatthemes.com/dastone/default/assets/pages/jquery.tabledit.init.js]
[mannatthemes.com/dastone/default/tables-editable.html]
[mannatthemes.com/dastone/plugins/RWD-Table-Patterns/dist/css/rwd-table.min.css]
[mannatthemes.com/dastone/plugins/RWD-Table-Patterns/dist/js/rwd-table.min.js]
[mannatthemes.com/dastone/default/assets/pages/jquery.responsive-table.init.js]
[mannatthemes.com/dastone/default/tables-responsive.html]
[mannatthemes.com/dastone/default/icons-dripicons.html]
[mannatthemes.com/dastone/default/icons-feather.html]
[mannatthemes.com/dastone/default/icons-fontawesome.html]
[mannatthemes.com/dastone/default/icons-materialdesign.html]
[mannatthemes.com/dastone/default/icons-themify.html]
[mannatthemes.com/dastone/default/icons-typicons.html]
[mannatthemes.com/dastone/plugins/gmaps/gmaps.min.js]
[mannatthemes.com/dastone/default/assets/pages/jquery.gmaps.init.js]
[mannatthemes.com/dastone/default/maps-google.html]
[mannatthemes.com/dastone/plugins/leaflet/leaflet.css]
[mannatthemes.com/dastone/plugins/leaflet/leaflet.js]
[mannatthemes.com/dastone/default/assets/pages/jquery.leaflet-map.init.js]
[mannatthemes.com/dastone/default/maps-leaflet.html]
[mannatthemes.com/dastone/plugins/jvectormap/jquery-jvectormap-world-mill-en.js]
[mannatthemes.com/dastone/plugins/jvectormap/gdp-data.js]
[mannatthemes.com/dastone/plugins/jvectormap/jquery-jvectormap-ca-lcc.js]
[mannatthemes.com/dastone/plugins/jvectormap/jquery-jvectormap-uk-mill-en.js]
[mannatthemes.com/dastone/plugins/jvectormap/jquery-jvectormap-us-il-chicago-mill-en.js]
[mannatthemes.com/dastone/default/assets/pages/jquery.jvectormap.init.js]
[mannatthemes.com/dastone/default/maps-vector.html]
[mannatthemes.com/dastone/default/assets/images/bell.png]
[mannatthemes.com/dastone/default/email-templates-alert.html]
[mannatthemes.com/dastone/default/email-templates-basic.html]
[mannatthemes.com/dastone/default/email-templates-billing.html]
[mannatthemes.com/dastone/default/assets/images/brand-logo/amazon.png]
[mannatthemes.com/dastone/default/assets/images/brand-logo/flipcart.png]
[mannatthemes.com/dastone/default/assets/images/brand-logo/facebook.png]
[mannatthemes.com/dastone/default/assets/images/brand-logo/insta.png]
[mannatthemes.com/dastone/default/assets/images/widgets/opp-1.png]
[mannatthemes.com/dastone/default/assets/images/widgets/opp-2.png]
[mannatthemes.com/dastone/default/assets/images/widgets/opp-3.png]
[mannatthemes.com/dastone/default/assets/pages/jquery.widgets.init.js]
[mannatthemes.com/dastone/default/widgets.html]
[mannatthemes.com/dastone/default/pages-blogs.html]
[mannatthemes.com/dastone/default/pages-faqs.html]
[mannatthemes.com/dastone/default/assets/images/widgets/p-1.png]
[mannatthemes.com/dastone/default/assets/images/widgets/p-2.png]
[mannatthemes.com/dastone/default/assets/images/widgets/p-3.png]
[mannatthemes.com/dastone/default/assets/images/widgets/p-4.png]
[mannatthemes.com/dastone/default/pages-pricing.html]
[mannatthemes.com/dastone/default/assets/pages/jquery.profile.init.js]
[mannatthemes.com/dastone/default/pages-profile.html]
[mannatthemes.com/dastone/default/pages-starter.html]
[mannatthemes.com/dastone/default/pages-timeline.html]
[mannatthemes.com/dastone/plugins/treeview/themes/default/style.css]
[mannatthemes.com/dastone/plugins/treeview/jstree.min.js]
[mannatthemes.com/dastone/default/assets/pages/jquery.treeview.init.js]
[mannatthemes.com/dastone/default/pages-treeview.html]
[mannatthemes.com/dastone/default/assets/images/small/rgb.svg]
[mannatthemes.com/dastone/default/assets/images/small/cobweb.svg]
[mannatthemes.com/dastone/default/assets/images/small/blocks.svg]
[mannatthemes.com/dastone/default/assets/images/small/atom.svg]
[mannatthemes.com/dastone/default/assets/fonts/fa-brands-400.svg]
[mannatthemes.com/dastone/default/assets/fonts/fa-regular-400.svg]
[mannatthemes.com/dastone/default/assets/fonts/fa-solid-900.svg]
[mannatthemes.com/dastone/default/assets/fonts/la-brands-400.svg]
[mannatthemes.com/dastone/default/assets/fonts/la-regular-400.svg]
[mannatthemes.com/dastone/default/assets/fonts/la-solid-900.svg]
[mannatthemes.com/dastone/default/assets/fonts/dripicons-v2.svg]
[mannatthemes.com/dastone/default/assets/fonts/feather144f.svg]
[mannatthemes.com/dastone/default/assets/fonts/themify9f24.svg]
[mannatthemes.com/dastone/default/assets/fonts/typicons.svg]
[mannatthemes.com/dastone/default/assets/fonts/iter-bold46a7.html]
[mannatthemes.com/dastone/default/assets/images/1.html]
[mannatthemes.com/dastone/default/assets/images/products/offer.html]
[mannatthemes.com/dastone/plugins/summernote/font/summernote.eot]
[mannatthemes.com/dastone/plugins/summernote/font/summernoted41d.eot]
[mannatthemes.com/dastone/plugins/summernote/font/summernote.woff2]
[mannatthemes.com/dastone/plugins/summernote/font/summernote.woff]
[mannatthemes.com/dastone/plugins/summernote/font/summernote.ttf]
[mannatthemes.com/dastone/plugins/summernote/summernote-bs4.min.css]
[mannatthemes.com/dastone/plugins/fullcalendar/packages/core/main.css]
[mannatthemes.com/dastone/plugins/fullcalendar/packages/daygrid/main.css]
[mannatthemes.com/dastone/plugins/fullcalendar/packages/bootstrap/main.css]
[mannatthemes.com/dastone/plugins/fullcalendar/packages/timegrid/main.css]
[mannatthemes.com/dastone/plugins/fullcalendar/packages/list/main.css]
[mannatthemes.com/dastone/plugins/lightpick/lightpick.css]
[mannatthemes.com/dastone/default/assets/images/widgets/calendar.svg]
[mannatthemes.com/dastone/plugins/dragula/dragula.min.css]
[mannatthemes.com/dastone/plugins/datatables/dataTables.bootstrap5.min.css]
[mannatthemes.com/dastone/plugins/datatables/buttons.bootstrap5.min.css]
[mannatthemes.com/dastone/default/assets/images/error.svg]
[mannatthemes.com/dastone/default/analytics-index.html]
[mannatthemes.com/dastone/plugins/animate/animate.css]
[mannatthemes.com/dastone/plugins/prettify/prettify.css]
[mannatthemes.com/dastone/plugins/lightbox/magnific-popup.css]
[mannatthemes.com/dastone/plugins/nestable/jquery.nestable.min.css]
[mannatthemes.com/dastone/plugins/ion-rangeslider/ion.rangeSlider.css]
[mannatthemes.com/dastone/plugins/rating/themes/bars-1to10.css]
[mannatthemes.com/dastone/plugins/rating/themes/bars-horizontal.css]
[mannatthemes.com/dastone/plugins/rating/themes/bars-movie.css]
[mannatthemes.com/dastone/plugins/rating/themes/bars-pill.css]
[mannatthemes.com/dastone/plugins/rating/themes/bars-reversed.css]
[mannatthemes.com/dastone/plugins/rating/themes/bars-square.css]
[mannatthemes.com/dastone/plugins/rating/themes/bootstrap-stars.css]
[mannatthemes.com/dastone/plugins/rating/themes/css-stars.css]
[mannatthemes.com/dastone/plugins/rating/themes/fontawesome-stars.css]
[mannatthemes.com/dastone/plugins/rating/themes/fontawesome-stars-o.css]
[mannatthemes.com/dastone/plugins/rating/themes/rating.css]
[mannatthemes.com/dastone/plugins/sweet-alert2/sweetalert2.min.css]
[mannatthemes.com/dastone/plugins/select2/select2.min.css]
[mannatthemes.com/dastone/plugins/huebee/huebee.min.css]
[mannatthemes.com/dastone/plugins/timepicker/bootstrap-material-datetimepicker.css]
[mannatthemes.com/dastone/plugins/bootstrap-touchspin/css/jquery.bootstrap-touchspin.min.css]
[mannatthemes.com/dastone/plugins/dropify/fonts/dropify.eot]
[mannatthemes.com/dastone/plugins/dropify/fonts/dropify.woff]
[mannatthemes.com/dastone/plugins/dropify/fonts/dropify.ttf]
[mannatthemes.com/dastone/plugins/dropify/css/dropify.min.css]
[mannatthemes.com/dastone/plugins/jquery-steps/jquery.steps.css]
[mannatthemes.com/dastone/plugins/x-editable/img/loading.gif]
[mannatthemes.com/dastone/plugins/x-editable/img/clear.png]
[mannatthemes.com/dastone/plugins/x-editable/css/bootstrap-editable.css]
[mannatthemes.com/dastone/plugins/morris/morris.css]
[mannatthemes.com/dastone/plugins/datatables/responsive.bootstrap4.min.css]
[mannatthemes.com/dastone/plugins/RWD-Table-Patterns/dist/css/rwd-table.min.css]
[mannatthemes.com/dastone/default/assets/css/jquery-ui.min.html]
[mannatthemes.com/dastone/plugins/leaflet/images/layers.png]
[mannatthemes.com/dastone/plugins/leaflet/images/layers-2x.png]
[mannatthemes.com/dastone/plugins/leaflet/images/marker-icon.png]
[mannatthemes.com/dastone/plugins/leaflet/leaflet.css]
[mannatthemes.com/dastone/plugins/treeview/themes/default/32px.png]
[mannatthemes.com/dastone/plugins/treeview/themes/default/throbber.gif]
[mannatthemes.com/dastone/plugins/treeview/themes/default/40px.png]
[mannatthemes.com/dastone/plugins/treeview/themes/default/style.css]
[mannatthemes.com/dastone/default/assets/images/small/14.html]
[mannatthemes.com/dastone/plugins/rating/themes/bars-1to10.css]
[mannatthemes.com/dastone/plugins/rating/themes/bars-horizontal.css]
[mannatthemes.com/dastone/plugins/rating/themes/bars-movie.css]
[mannatthemes.com/dastone/plugins/rating/themes/bars-pill.css]
[mannatthemes.com/dastone/plugins/rating/themes/bars-reversed.css]
[mannatthemes.com/dastone/plugins/rating/themes/bars-square.css]
[mannatthemes.com/dastone/plugins/rating/themes/bootstrap-stars.css]
[mannatthemes.com/dastone/plugins/rating/themes/css-stars.css]
[mannatthemes.com/dastone/plugins/rating/themes/fontawesome-stars.css]
[mannatthemes.com/dastone/plugins/rating/themes/fontawesome-stars-o.css]
[mannatthemes.com/dastone/plugins/dropify/fonts/dropify.svg]
